<?xml version="1.0" encoding="UTF-8"?>
<!-- Generated by org.testng.reporters.JUnitReportReporter -->
<testsuite hostname="ROBERTH" failures="0" tests="1" name="newPackage.NewTest" time="7.695" errors="0" timestamp="2020-07-23T21:01:34 PET" skipped="0">
  <testcase classname="newPackage.NewTest" name="test" time="7.695"/>
  <system-out/>
</testsuite> <!-- newPackage.NewTest -->
